batch_then_drain 1024 23
I        892         0
I        430         1
I        525         2
I         50         3
I        707         4
I        460         5
I        982         6
I        710         7
I        193         8
I         13         9
I        534        10
I        561        11
I        298        12
I        592        13
I        859        14
I        959        15
I         58        16
I        404        17
I        418        18
I        188        19
I        552        20
I        912        21
I        549        22
I        578        23
I        898        24
I        885        25
I        684        26
I         16        27
I        215        28
I        104        29
I        724        30
I       1021        31
I        699        32
I        631        33
I        538        34
I        195        35
I        971        36
I       1005        37
I        638        38
I         36        39
I        481        40
I         57        41
I        270        42
I        317        43
I        535        44
I        679        45
I        544        46
I        863        47
I        463        48
I          1        49
I        918        50
I        519        51
I         33        52
I        355        53
I       1021        54
I        545        55
I        143        56
I        544        57
I        591        58
I        468        59
I        337        60
I        583        61
I        835        62
I        979        63
I        982        64
I        440        65
I        284        66
I        831        67
I        250        68
I        245        69
I        300        70
I        715        71
I         72        72
I        248        73
I        427        74
I        468        75
I        278        76
I        998        77
I        519        78
I         69        79
I        151        80
I        300        81
I        137        82
I        470        83
I        447        84
I        673        85
I        829        86
I        357        87
I        524        88
I        514        89
I        554        90
I        245        91
I        795        92
I        550        93
I        426        94
I        766        95
I        825        96
I        296        97
I        466        98
I        763        99
I        673       100
I        694       101
I        292       102
I        280       103
I        107       104
I        798       105
I         43       106
I        679       107
I          5       108
I        606       109
I         33       110
I        307       111
I        854       112
I        796       113
I        418       114
I        361       115
I        348       116
I        224       117
I        163       118
I        997       119
I        257       120
I        220       121
I        396       122
I        741       123
I        500       124
I        831       125
I       1013       126
I        225       127
I        887       128
I        473       129
I        439       130
I        882       131
I        474       132
I        719       133
I        810       134
I        742       135
I        967       136
I        470       137
I        250       138
I        390       139
I          8       140
I        773       141
I        913       142
I        359       143
I        266       144
I         57       145
I        305       146
I        624       147
I        172       148
I         63       149
I        242       150
I        199       151
I         32       152
I        643       153
I        257       154
I         16       155
I        289       156
I        945       157
I        528       158
I        318       159
I        387       160
I        291       161
I        279       162
I        171       163
I        835       164
I        105       165
I        602       166
I        642       167
I         79       168
I        566       169
I         81       170
I        192       171
I        231       172
I        341       173
I        600       174
I        256       175
I         71       176
I        899       177
I        700       178
I        942       179
I        280       180
I        999       181
I         24       182
I        857       183
I         86       184
I        747       185
I        248       186
I        740       187
I        672       188
I        957       189
I        875       190
I        247       191
I        260       192
I         50       193
I        319       194
I        760       195
I        639       196
I         10       197
I        150       198
I        834       199
I        465       200
I        246       201
I        850       202
I        754       203
I        103       204
I        524       205
I         69       206
I        748       207
I        593       208
I        221       209
I        670       210
I        356       211
I        868       212
I        488       213
I        907       214
I        243       215
I        977       216
I        500       217
I        712       218
I        533       219
I        889       220
I        802       221
I        256       222
I        457       223
I        530       224
I        519       225
I        122       226
I        677       227
I        907       228
I        818       229
I        292       230
I        666       231
I        371       232
I        171       233
I        466       234
I        799       235
I        181       236
I        641       237
I         10       238
I        103       239
I        426       240
I        926       241
I        993       242
I        665       243
I        622       244
I          5       245
I        248       246
I        643       247
I        725       248
I        114       249
I        514       250
I        170       251
I        356       252
I       1015       253
I        629       254
I        567       255
I        718       256
I        915       257
I        241       258
I        611       259
I        766       260
I        441       261
I        516       262
I         36       263
I        406       264
I        505       265
I        589       266
I        117       267
I        826       268
I        486       269
I        343       270
I         82       271
I        897       272
I        869       273
I        377       274
I        453       275
I        213       276
I        406       277
I        693       278
I        969       279
I       1019       280
I        862       281
I        790       282
I        609       283
I         61       284
I        238       285
I        580       286
I        491       287
I        612       288
I        317       289
I        381       290
I        394       291
I        654       292
I        761       293
I        978       294
I        164       295
I        263       296
I       1000       297
I        959       298
I        328       299
I        554       300
I        304       301
I        298       302
I        383       303
I        633       304
I       1009       305
I        217       306
I        253       307
I        821       308
I        875       309
I        354       310
I         56       311
I        187       312
I        472       313
I         82       314
I        497       315
I        378       316
I        618       317
I        438       318
I        305       319
I        667       320
I        512       321
I        305       322
I        533       323
I        820       324
I        465       325
I        912       326
I        201       327
I        138       328
I        736       329
I        580       330
I        454       331
I        145       332
I        240       333
I        793       334
I        861       335
I        502       336
I        456       337
I        816       338
I         43       339
I        384       340
I        728       341
I        605       342
I        562       343
I        296       344
I        110       345
I        774       346
I        905       347
I        821       348
I        516       349
I        133       350
I        750       351
I         73       352
I        721       353
I        660       354
I        649       355
I        727       356
I        349       357
I        647       358
I        200       359
I        964       360
I        888       361
I        624       362
I        631       363
I        581       364
I        900       365
I        960       366
I        974       367
I        938       368
I        596       369
I        129       370
I        541       371
I       1018       372
I        910       373
I        675       374
I        267       375
I        997       376
I        206       377
I        401       378
I        321       379
I        981       380
I        788       381
I        338       382
I        578       383
I        785       384
I        816       385
I        594       386
I        560       387
I        780       388
I        581       389
I         41       390
I        438       391
I        222       392
I        774       393
I        311       394
I         85       395
I         76       396
I        737       397
I        190       398
I        555       399
I        983       400
I        594       401
I        557       402
I        603       403
I        511       404
I        981       405
I        870       406
I        614       407
I        170       408
I        244       409
I        734       410
I        496       411
I        286       412
I        571       413
I        543       414
I         78       415
I        722       416
I        805       417
I        445       418
I        725       419
I        687       420
I        248       421
I        588       422
I        878       423
I         11       424
I        617       425
I        552       426
I        385       427
I        401       428
I        287       429
I        592       430
I        466       431
I        677       432
I        843       433
I        452       434
I        417       435
I       1024       436
I       1001       437
I        608       438
I        174       439
I          9       440
I        172       441
I        802       442
I        721       443
I        178       444
I         36       445
I        620       446
I        608       447
I         44       448
I        800       449
I        826       450
I        474       451
I         29       452
I        417       453
I        796       454
I        370       455
I        820       456
I        610       457
I        701       458
I         13       459
I        312       460
I        467       461
I        965       462
I        629       463
I         32       464
I        825       465
I        654       466
I          3       467
I        398       468
I        876       469
I        605       470
I        939       471
I          6       472
I        706       473
I        844       474
I        740       475
I        515       476
I        864       477
I        695       478
I        765       479
I        834       480
I        508       481
I        682       482
I       1003       483
I        451       484
I        283       485
I         44       486
I        629       487
I        232       488
I        122       489
I        194       490
I        307       491
I        472       492
I        414       493
I        845       494
I        326       495
I        650       496
I        366       497
I        334       498
I        522       499
I        241       500
I        819       501
I        805       502
I        169       503
I        613       504
I        730       505
I        483       506
I        727       507
I        111       508
I        368       509
I        828       510
I        469       511
I        339       512
I         34       513
I        516       514
I        727       515
I        161       516
I        150       517
I        619       518
I        392       519
I        750       520
I        551       521
I        219       522
I        782       523
I        874       524
I        702       525
I        951       526
I       1001       527
I        958       528
I        904       529
I        782       530
I        465       531
I        988       532
I         79       533
I        785       534
I        771       535
I        324       536
I        348       537
I        984       538
I        723       539
I        531       540
I        151       541
I        882       542
I        248       543
I         58       544
I        224       545
I        810       546
I        371       547
I        997       548
I        504       549
I        913       550
I        751       551
I        636       552
I        635       553
I        973       554
I        863       555
I        704       556
I        657       557
I        226       558
I        986       559
I        590       560
I        763       561
I        290       562
I        615       563
I        295       564
I        130       565
I        785       566
I        632       567
I        541       568
I        389       569
I        450       570
I        910       571
I         36       572
I        819       573
I        322       574
I        695       575
I        194       576
I        958       577
I         89       578
I        974       579
I        250       580
I        218       581
I        157       582
I        273       583
I        974       584
I        176       585
I        949       586
I        332       587
I        246       588
I        180       589
I        126       590
I        120       591
I       1009       592
I        340       593
I        352       594
I        683       595
I        673       596
I        305       597
I        909       598
I         12       599
I        150       600
I        282       601
I        200       602
I        582       603
I        878       604
I        371       605
I         28       606
I        220       607
I        607       608
I        366       609
I        143       610
I        234       611
I        525       612
I       1024       613
I         43       614
I        557       615
I        333       616
I         21       617
I        109       618
I        376       619
I        892       620
I        493       621
I        547       622
I        596       623
I        169       624
I        375       625
I        373       626
I        685       627
I        841       628
I        858       629
I        428       630
I        601       631
I        589       632
I         43       633
I        658       634
I        297       635
I        952       636
I        699       637
I        127       638
I        800       639
I        728       640
I         57       641
I       1020       642
I         21       643
I       1013       644
I        787       645
I        853       646
I        200       647
I        343       648
I        869       649
I        912       650
I        514       651
I        921       652
I        180       653
I        182       654
I        426       655
I        121       656
I        361       657
I        825       658
I         45       659
I        804       660
I        138       661
I        206       662
I        685       663
I        266       664
I        433       665
I        941       666
I         12       667
I        117       668
I        489       669
I        614       670
I         62       671
I        418       672
I        173       673
I        255       674
I        872       675
I        531       676
I        550       677
I         83       678
I       1021       679
I        780       680
I        719       681
I        385       682
I        829       683
I        588       684
I        491       685
I        840       686
I        562       687
I        825       688
I        600       689
I        611       690
I        530       691
I        385       692
I         68       693
I        403       694
I        549       695
I        130       696
I        112       697
I        243       698
I        448       699
I         34       700
I        999       701
I        622       702
I        290       703
I        549       704
I        401       705
I         42       706
I        448       707
I        309       708
I        862       709
I         98       710
I        371       711
I        233       712
I        811       713
I        585       714
I        565       715
I        475       716
I        510       717
I        222       718
I        250       719
I        495       720
I        259       721
I        106       722
I        178       723
I        530       724
I        317       725
I        446       726
I        688       727
I         71       728
I        893       729
I        574       730
I         48       731
I        841       732
I       1005       733
I        971       734
I        325       735
I        626       736
I        918       737
I        731       738
I       1002       739
I        703       740
I        970       741
I        872       742
I        122       743
I        267       744
I        396       745
I         55       746
I        186       747
I        318       748
I        236       749
I        336       750
I        732       751
I        440       752
I        372       753
I         40       754
I        849       755
I         90       756
I        312       757
I        522       758
I        893       759
I        639       760
I        454       761
I        459       762
I       1014       763
I        371       764
I        349       765
I        389       766
I         17       767
I        487       768
I        525       769
I        748       770
I        436       771
I        966       772
I         50       773
I        333       774
I        899       775
I        248       776
I        677       777
I        559       778
I        821       779
I        815       780
I        693       781
I        273       782
I        649       783
I        468       784
I        925       785
I        505       786
I        307       787
I        888       788
I        827       789
I        223       790
I        549       791
I          5       792
I        808       793
I        482       794
I        993       795
I        874       796
I        787       797
I       1002       798
I        427       799
I        695       800
I        624       801
I        973       802
I        965       803
I        182       804
I        443       805
I        160       806
I        962       807
I        449       808
I        215       809
I        997       810
I        681       811
I        526       812
I        583       813
I        840       814
I        950       815
I       1020       816
I        782       817
I        161       818
I        520       819
I        305       820
I        378       821
I       1006       822
I        378       823
I        932       824
I        106       825
I        494       826
I        984       827
I        969       828
I        816       829
I        565       830
I        850       831
I        733       832
I        436       833
I        789       834
I         48       835
I        218       836
I         50       837
I        193       838
I        549       839
I        963       840
I        236       841
I        166       842
I       1005       843
I        440       844
I        545       845
I        512       846
I        215       847
I        904       848
I         31       849
I         73       850
I        645       851
I        994       852
I        306       853
I        699       854
I        969       855
I        890       856
I        519       857
I        280       858
I         91       859
I        913       860
I        222       861
I       1002       862
I        459       863
I        258       864
I        507       865
I        419       866
I        210       867
I        628       868
I        524       869
I         31       870
I        575       871
I        730       872
I         49       873
I        547       874
I        642       875
I        382       876
I        469       877
I        243       878
I        365       879
I        520       880
I        646       881
I        850       882
I         59       883
I         65       884
I        125       885
I        921       886
I        661       887
I        636       888
I        872       889
I        702       890
I        349       891
I        900       892
I        570       893
I        127       894
I        188       895
I        447       896
I        177       897
I        483       898
I        948       899
I        125       900
I        203       901
I        137       902
I        785       903
I        661       904
I        845       905
I         98       906
I        527       907
I        178       908
I        582       909
I        585       910
I        698       911
I         69       912
I        643       913
I        863       914
I        626       915
I        367       916
I        800       917
I         52       918
I        696       919
I         11       920
I         70       921
I        822       922
I        958       923
I        729       924
I        653       925
I        855       926
I        397       927
I         62       928
I        465       929
I        134       930
I        170       931
I        774       932
I        449       933
I        284       934
I       1013       935
I        866       936
I         74       937
I        156       938
I        511       939
I        865       940
I          6       941
I          8       942
I         74       943
I        800       944
I        758       945
I        430       946
I        706       947
I        681       948
I        548       949
I        643       950
I        338       951
I        184       952
I        403       953
I        192       954
I        742       955
I        622       956
I        627       957
I        604       958
I        285       959
I        948       960
I        629       961
I        293       962
I        921       963
I        476       964
I        904       965
I        552       966
I       1024       967
I        359       968
I        228       969
I        431       970
I        233       971
I        284       972
I        343       973
I       1013       974
I        672       975
I        607       976
I         70       977
I        252       978
I        735       979
I         67       980
I        375       981
I        847       982
I        128       983
I        273       984
I        289       985
I        809       986
I        437       987
I        400       988
I        603       989
I        379       990
I        975       991
I        943       992
I        865       993
I        294       994
I        441       995
I        513       996
I        872       997
I        601       998
I        396       999
I        882      1000
I        302      1001
I        868      1002
I        830      1003
I        176      1004
I        637      1005
I        683      1006
I        422      1007
I        361      1008
I        817      1009
I        408      1010
I        194      1011
I        825      1012
I        889      1013
I        896      1014
I        949      1015
I        976      1016
I        235      1017
I        192      1018
I        618      1019
I        300      1020
I        987      1021
I         32      1022
I        293      1023
E
E
E
E
E
E
E
E
E
E
E
E
E
E
E
E
E
E
E
E
E
E
E
E
E
E
E
E
E
E
E
E
E
E
E
E
E
E
E
E
E
E
E
E
E
E
E
E
E
E
E
E
E
E
E
E
E
E
E
E
E
E
E
E
E
E
E
E
E
E
E
E
E
E
E
E
E
E
E
E
E
E
E
E
E
E
E
E
E
E
E
E
E
E
E
E
E
E
E
E
E
E
E
E
E
E
E
E
E
E
E
E
E
E
E
E
E
E
E
E
E
E
E
E
E
E
E
E
E
E
E
E
E
E
E
E
E
E
E
E
E
E
E
E
E
E
E
E
E
E
E
E
E
E
E
E
E
E
E
E
E
E
E
E
E
E
E
E
E
E
E
E
E
E
E
E
E
E
E
E
E
E
E
E
E
E
E
E
E
E
E
E
E
E
E
E
E
E
E
E
E
E
E
E
E
E
E
E
E
E
E
E
E
E
E
E
E
E
E
E
E
E
E
E
E
E
E
E
E
E
E
E
E
E
E
E
E
E
E
E
E
E
E
E
E
E
E
E
E
E
E
E
E
E
E
E
E
E
E
E
E
E
E
E
E
E
E
E
E
E
E
E
E
E
E
E
E
E
E
E
E
E
E
E
E
E
E
E
E
E
E
E
E
E
E
E
E
E
E
E
E
E
E
E
E
E
E
E
E
E
E
E
E
E
E
E
E
E
E
E
E
E
E
E
E
E
E
E
E
E
E
E
E
E
E
E
E
E
E
E
E
E
E
E
E
E
E
E
E
E
E
E
E
E
E
E
E
E
E
E
E
E
E
E
E
E
E
E
E
E
E
E
E
E
E
E
E
E
E
E
E
E
E
E
E
E
E
E
E
E
E
E
E
E
E
E
E
E
E
E
E
E
E
E
E
E
E
E
E
E
E
E
E
E
E
E
E
E
E
E
E
E
E
E
E
E
E
E
E
E
E
E
E
E
E
E
E
E
E
E
E
E
E
E
E
E
E
E
E
E
E
E
E
E
E
E
E
E
E
E
E
E
E
E
E
E
E
E
E
E
E
E
E
E
E
E
E
E
E
E
E
E
E
E
E
E
E
E
E
E
E
E
E
E
E
E
E
E
E
E
E
E
E
E
E
E
E
E
E
E
E
E
E
E
E
E
E
E
E
E
E
E
E
E
E
E
E
E
E
E
E
E
E
E
E
E
E
E
E
E
E
E
E
E
E
E
E
E
E
E
E
E
E
E
E
E
E
E
E
E
E
E
E
E
E
E
E
E
E
E
E
E
E
E
E
E
E
E
E
E
E
E
E
E
E
E
E
E
E
E
E
E
E
E
E
E
E
E
E
E
E
E
E
E
E
E
E
E
E
E
E
E
E
E
E
E
E
E
E
E
E
E
E
E
E
E
E
E
E
E
E
E
E
E
E
E
E
E
E
E
E
E
E
E
E
E
E
E
E
E
E
E
E
E
E
E
E
E
E
E
E
E
E
E
E
E
E
E
E
E
E
E
E
E
E
E
E
E
E
E
E
E
E
E
E
E
E
E
E
E
E
E
E
E
E
E
E
E
E
E
E
E
E
E
E
E
E
E
E
E
E
E
E
E
E
E
E
E
E
E
E
E
E
E
E
E
E
E
E
E
E
E
E
E
E
E
E
E
E
E
E
E
E
E
E
E
E
E
E
E
E
E
E
E
E
E
E
E
E
E
E
E
E
E
E
E
E
E
E
E
E
E
E
E
E
E
E
E
E
E
E
E
E
E
E
E
E
E
E
E
E
E
E
E
E
E
E
E
E
E
E
E
E
E
E
E
E
E
E
E
E
E
E
E
E
E
E
E
E
E
E
E
E
E
E
E
E
E
E
E
E
E
E
E
E
E
E
E
E
E
E
E
E
E
E
E
E
E
E
E
E
E
E
E
E
E
E
E
E
E
E
E
E
E
E
E
E
E
E
E
E
E
E
E
E
E
E
E
E
E
E
E
E
E
E
E
E
E
E
E
E
E
E
E
E
E
E
E
E
E
E
E
E
E
E
E
E
E
E
E
E
E
E
E
E
E
E
E
E
E
E
E
E
E
E
E
E
E
E
E
E
E
E
E
E
E
E
E
E
E
E
E
E
E
E
E
E
E
E
E
E
E
E
E
E
E
E
E
E
E
E
E
E
E
E
E
E
E
E
E
E
E
E
E
E
E
E
E
E
E
E
E
E
E
E
E
E
E
E
E
E
E
E
E
E
E
E
E
E
E
E
E
E
E
E
E
E
E
E
E
E
E
E
E
E
E
E
E
E
E
E
E
E
E
