batch_then_drain 2048 23
I       1069         0
I        876         1
I       1329         2
I       1697         3
I        834         4
I        410         5
I       1550         6
I       2036         7
I       1129         8
I        490         9
I       1426        10
I       1935        11
I       1853        12
I       1942        13
I       1481        14
I       1075        15
I        839        16
I       1114        17
I        878        18
I        540        19
I        989        20
I        517        21
I       1264        22
I       1333        23
I       1161        24
I        755        25
I          2        26
I       1557        27
I       1386        28
I       1554        29
I        144        30
I       1104        31
I         97        32
I       1216        33
I        851        34
I        642        35
I       1442        36
I         14        37
I        150        38
I       1325        39
I       1510        40
I       1396        41
I       1878        42
I       1956        43
I        389        44
I        840        45
I        759        46
I       1206        47
I       1523        48
I         56        49
I        492        50
I        242        51
I       1564        52
I       1717        53
I       1134        54
I       1991        55
I        838        56
I       1223        57
I       1950        58
I       1168        59
I       1563        60
I        791        61
I       1752        62
I         60        63
I        636        64
I       1966        65
I        965        66
I       1540        67
I       1878        68
I         75        69
I        610        70
I        477        71
I       1523        72
I       1523        73
I        425        74
I        179        75
I          6        76
I       1677        77
I       1200        78
I       2041        79
I        574        80
I         58        81
I        659        82
I        345        83
I        662        84
I        689        85
I        724        86
I        959        87
I       1161        88
I        179        89
I        558        90
I        158        91
I       1719        92
I        973        93
I       1115        94
I        135        95
I        290        96
I        745        97
I        266        98
I       2045        99
I        981       100
I        365       101
I        538       102
I       1700       103
I        229       104
I        330       105
I       1012       106
I       1748       107
I       1211       108
I         92       109
I       1175       110
I       1530       111
I       1962       112
I        500       113
I        825       114
I       1274       115
I        550       116
I        342       117
I        413       118
I       1986       119
I       1389       120
I       1218       121
I        887       122
I        480       123
I        231       124
I        592       125
I        617       126
I        845       127
I       1387       128
I       1276       129
I        983       130
I       1129       131
I        588       132
I        951       133
I        612       134
I        893       135
I       1786       136
I       1796       137
I        584       138
I         63       139
I       1556       140
I       1315       141
I       1194       142
I        194       143
I        667       144
I       1809       145
I       1241       146
I        538       147
I       1319       148
I        942       149
I        974       150
I        689       151
I       1714       152
I       1235       153
I       1279       154
I        303       155
I        116       156
I        313       157
I       1311       158
I       1324       159
I       1881       160
I        420       161
I       1229       162
I       1704       163
I       1450       164
I       1542       165
I       1974       166
I       1558       167
I        738       168
I        594       169
I        394       170
I       1406       171
I       1424       172
I       1656       173
I       1501       174
I        532       175
I        973       176
I        357       177
I        726       178
I       1186       179
I        763       180
I       1031       181
I       1698       182
I       2003       183
I         43       184
I       1753       185
I        231       186
I       1106       187
I       1091       188
I        471       189
I        339       190
I       1149       191
I       1568       192
I       1022       193
I        955       194
I       1298       195
I       1268       196
I        505       197
I        852       198
I       1313       199
I       1436       200
I       2047       201
I       1350       202
I       1623       203
I        596       204
I        427       205
I        986       206
I        909       207
I       1998       208
I       1719       209
I        137       210
I        684       211
I        757       212
I       1015       213
I        755       214
I        414       215
I       1315       216
I       1799       217
I       1937       218
I        523       219
I        630       220
I       1270       221
I       1596       222
I       1261       223
I       1871       224
I         93       225
I       1941       226
I        822       227
I        712       228
I       1825       229
I       1202       230
I       1843       231
I       2048       232
I        693       233
I       1576       234
I       1894       235
I       1037       236
I       1321       237
I        253       238
I       1681       239
I       1856       240
I       1918       241
I       1295       242
I       1389       243
I        956       244
I        645       245
I       1991       246
I        936       247
I        199       248
I        271       249
I        527       250
I       1049       251
I       1493       252
I       1209       253
I        191       254
I        756       255
I         15       256
I        958       257
I         99       258
I        842       259
I       1488       260
I       1856       261
I       1842       262
I       1038       263
I       1856       264
I       1186       265
I       1305       266
I       1858       267
I        279       268
I       1026       269
I        733       270
I         36       271
I       1246       272
I       1550       273
I       1417       274
I       1788       275
I         78       276
I       1666       277
I       1078       278
I       1559       279
I       1626       280
I        280       281
I       1530       282
I       1355       283
I       1011       284
I       1702       285
I       1139       286
I        258       287
I         30       288
I        395       289
I        781       290
I       1566       291
I        667       292
I       1190       293
I       1847       294
I        658       295
I        857       296
I       1679       297
I        855       298
I       1026       299
I       1031       300
I       2015       301
I       1695       302
I        450       303
I       1664       304
I        599       305
I       1083       306
I       1408       307
I       1723       308
I        423       309
I       1196       310
I        293       311
I       1397       312
I       1523       313
I         83       314
I        363       315
I       1589       316
I       1253       317
I       1026       318
I        278       319
I       1315       320
I       1354       321
I       1604       322
I       1722       323
I       1587       324
I       1578       325
I         34       326
I       1004       327
I        541       328
I       1155       329
I        336       330
I        528       331
I        532       332
I       1254       333
I       1823       334
I       1181       335
I         73       336
I        242       337
I        596       338
I        903       339
I        751       340
I       1949       341
I        148       342
I         51       343
I        298       344
I        989       345
I        345       346
I       1631       347
I       1103       348
I       1090       349
I        981       350
I       1439       351
I        485       352
I       1984       353
I       1429       354
I       1807       355
I        330       356
I       1794       357
I         13       358
I       1199       359
I       1730       360
I        189       361
I        656       362
I        401       363
I         17       364
I         80       365
I       1149       366
I        935       367
I        985       368
I        286       369
I       1998       370
I        231       371
I       1871       372
I        891       373
I        389       374
I         83       375
I         55       376
I       1455       377
I        727       378
I        684       379
I       1608       380
I       1732       381
I        583       382
I        550       383
I        665       384
I       1958       385
I        622       386
I       1551       387
I        203       388
I       1182       389
I       1228       390
I       1734       391
I       1448       392
I        921       393
I        155       394
I       1795       395
I       1938       396
I        414       397
I        839       398
I       1229       399
I       1948       400
I        443       401
I       1775       402
I        593       403
I       1041       404
I        516       405
I       1020       406
I        282       407
I       1601       408
I       2044       409
I        267       410
I       1613       411
I       1352       412
I        700       413
I        961       414
I       1260       415
I        615       416
I       1116       417
I        706       418
I        406       419
I       1248       420
I       1665       421
I        988       422
I       1357       423
I        206       424
I       1234       425
I        764       426
I       1188       427
I       1551       428
I       1914       429
I       1315       430
I       1512       431
I       1330       432
I        647       433
I         30       434
I        780       435
I       1685       436
I        306       437
I       1003       438
I       1234       439
I       1904       440
I        252       441
I        371       442
I       1570       443
I        633       444
I        167       445
I        523       446
I       1125       447
I        618       448
I        541       449
I       1655       450
I       1936       451
I       1030       452
I        544       453
I        466       454
I         55       455
I       1857       456
I        397       457
I        951       458
I        970       459
I        747       460
I       1684       461
I       1519       462
I        143       463
I       1449       464
I       1320       465
I       1739       466
I       2020       467
I       1594       468
I       1632       469
I       1762       470
I        280       471
I       1333       472
I        485       473
I       1896       474
I       1107       475
I        393       476
I        942       477
I        513       478
I       1704       479
I       1001       480
I       1396       481
I       1843       482
I       1384       483
I        760       484
I         11       485
I       1107       486
I       1280       487
I       1771       488
I         24       489
I       1699       490
I       2028       491
I       1590       492
I       1784       493
I        503       494
I        379       495
I       1233       496
I       1161       497
I        103       498
I       1246       499
I       1900       500
I         46       501
I        314       502
I       1995       503
I       1343       504
I        246       505
I        937       506
I        656       507
I        278       508
I       1927       509
I       1289       510
I       1945       511
I        154       512
I        791       513
I         95       514
I        541       515
I        985       516
I       1471       517
I       1093       518
I        701       519
I        644       520
I       1155       521
I        190       522
I        321       523
I       1718       524
I          9       525
I       1094       526
I       1477       527
I       1136       528
I        830       529
I       1483       530
I        800       531
I       1376       532
I        829       533
I        813       534
I        818       535
I       2044       536
I       1334       537
I        980       538
I       1547       539
I        613       540
I        706       541
I        390       542
I       1171       543
I        825       544
I       1883       545
I        583       546
I       2017       547
I       1914       548
I        870       549
I        160       550
I        964       551
I        273       552
I         71       553
I        978       554
I        907       555
I        470       556
I       1783       557
I       2042       558
I       1535       559
I       1190       560
I       1703       561
I        706       562
I       1494       563
I         37       564
I       1515       565
I       1461       566
I       1675       567
I         31       568
I       1905       569
I        709       570
I        710       571
I        845       572
I       1441       573
I        251       574
I        391       575
I       1132       576
I       1095       577
I       1560       578
I        585       579
I       1901       580
I        930       581
I       1399       582
I       1657       583
I          4       584
I       1597       585
I         50       586
I        612       587
I        249       588
I       1520       589
I       1680       590
I         50       591
I       1520       592
I       1326       593
I       1944       594
I       1183       595
I       1999       596
I       1181       597
I       1900       598
I        420       599
I       1575       600
I       1994       601
I        999       602
I       1732       603
I       1255       604
I       1455       605
I       1650       606
I         32       607
I       1615       608
I       1298       609
I        743       610
I       1439       611
I       2042       612
I       1487       613
I        270       614
I       1064       615
I       1169       616
I        572       617
I       1032       618
I       1481       619
I       1334       620
I       1991       621
I       1647       622
I        462       623
I        256       624
I       1392       625
I       1047       626
I        293       627
I       1865       628
I       1420       629
I       2017       630
I       1914       631
I        227       632
I        951       633
I        326       634
I       1873       635
I        382       636
I       1453       637
I        595       638
I        640       639
I       1281       640
I        829       641
I       1067       642
I        757       643
I       1155       644
I       1076       645
I       1180       646
I        252       647
I         58       648
I       1595       649
I       1839       650
I        375       651
I       1649       652
I       1557       653
I        404       654
I       1883       655
I       1008       656
I       1423       657
I        324       658
I       1729       659
I       1670       660
I        299       661
I        882       662
I        293       663
I       1232       664
I       1745       665
I       1095       666
I       1759       667
I       1320       668
I        596       669
I       1948       670
I       1567       671
I       1993       672
I       1902       673
I       1316       674
I        866       675
I       1077       676
I        250       677
I       1911       678
I       1525       679
I        490       680
I        186       681
I       2030       682
I        938       683
I        603       684
I        560       685
I        458       686
I       1998       687
I       1428       688
I       1722       689
I       1076       690
I        862       691
I       1686       692
I        520       693
I        232       694
I       1557       695
I       1861       696
I        432       697
I       1832       698
I        352       699
I       1165       700
I        807       701
I        755       702
I        110       703
I        952       704
I        227       705
I       1619       706
I       1655       707
I        430       708
I       1008       709
I       1182       710
I       1789       711
I        847       712
I       1980       713
I        674       714
I       1336       715
I         53       716
I       1496       717
I        899       718
I        652       719
I         32       720
I        964       721
I        510       722
I       1897       723
I        760       724
I        619       725
I        218       726
I       1101       727
I       1563       728
I       1613       729
I       1510       730
I       1796       731
I       1418       732
I       1664       733
I        363       734
I       1673       735
I       1039       736
I       1117       737
I        454       738
I        867       739
I        508       740
I       1550       741
I         10       742
I        917       743
I        987       744
I        766       745
I       1081       746
I        688       747
I       1540       748
I       1999       749
I         90       750
I        589       751
I        695       752
I        107       753
I       1258       754
I        186       755
I        216       756
I       1688       757
I        838       758
I        752       759
I        675       760
I        224       761
I        881       762
I       1417       763
I       1996       764
I       1260       765
I        558       766
I          1       767
I        281       768
I        236       769
I       1129       770
I       1007       771
I       1386       772
I       1034       773
I        662       774
I        820       775
I       1458       776
I        907       777
I        331       778
I        637       779
I        675       780
I       1574       781
I       1167       782
I        853       783
I       1984       784
I        629       785
I        774       786
I        345       787
I         17       788
I        861       789
I       1681       790
I       1124       791
I        301       792
I        754       793
I        899       794
I       1784       795
I        697       796
I        359       797
I       1670       798
I       1433       799
I        595       800
I       1717       801
I       1080       802
I       2020       803
I       1990       804
I        244       805
I        912       806
I       1694       807
I       1918       808
I       1200       809
I        354       810
I       1894       811
I       1313       812
I        423       813
I        951       814
I         74       815
I       1497       816
I        227       817
I        884       818
I       1516       819
I        805       820
I       1194       821
I        916       822
I       1749       823
I       1326       824
I        805       825
I        197       826
I       1608       827
I       1831       828
I        124       829
I       1558       830
I       1943       831
I       1488       832
I         11       833
I        247       834
I        671       835
I        117       836
I        264       837
I       1960       838
I        836       839
I       1934       840
I        113       841
I         37       842
I        320       843
I       1328       844
I       1682       845
I       1130       846
I       1975       847
I        453       848
I       1492       849
I        952       850
I        677       851
I       1585       852
I        839       853
I         51       854
I       1080       855
I       1589       856
I       1159       857
I       1478       858
I       1198       859
I        727       860
I       1111       861
I       1630       862
I       1951       863
I        213       864
I       1774       865
I        313       866
I        651       867
I       1288       868
I       1426       869
I        217       870
I        293       871
I       1141       872
I       1474       873
I       1317       874
I         28       875
I       1596       876
I        573       877
I        987       878
I        498       879
I        878       880
I        584       881
I       2002       882
I       1839       883
I        504       884
I        737       885
I       1665       886
I        500       887
I        888       888
I        172       889
I        271       890
I       1723       891
I        180       892
I        520       893
I        268       894
I        129       895
I       1371       896
I         69       897
I       1720       898
I       1073       899
I        258       900
I       1784       901
I        102       902
I        128       903
I        312       904
I        304       905
I       1031       906
I        404       907
I        653       908
I       1957       909
I        253       910
I        928       911
I        190       912
I        892       913
I         38       914
I       1939       915
I       1941       916
I        407       917
I       1983       918
I       1920       919
I        191       920
I        240       921
I       1888       922
I       1470       923
I        345       924
I        185       925
I       1363       926
I       1640       927
I       1661       928
I        999       929
I        727       930
I       1783       931
I        682       932
I         12       933
I        373       934
I       1433       935
I        447       936
I        444       937
I        533       938
I        227       939
I       1554       940
I       1996       941
I       1731       942
I       1906       943
I        225       944
I       1119       945
I        443       946
I        754       947
I        869       948
I        123       949
I       1393       950
I       1170       951
I       1115       952
I        404       953
I        118       954
I       1689       955
I         89       956
I       1251       957
I       2014       958
I        342       959
I       1733       960
I       2036       961
I        378       962
I       1058       963
I        233       964
I       1242       965
I        720       966
I       1228       967
I        291       968
I         68       969
I        369       970
I       1001       971
I       1843       972
I       2029       973
I        562       974
I        655       975
I        717       976
I       1104       977
I       1747       978
I        118       979
I        855       980
I        362       981
I        444       982
I       1282       983
I       1380       984
I        452       985
I        215       986
I       1457       987
I        250       988
I       1811       989
I       1099       990
I       1550       991
I        285       992
I        306       993
I        359       994
I       1530       995
I        365       996
I        741       997
I       1670       998
I       1413       999
I       1661      1000
I       1493      1001
I       2014      1002
I       1544      1003
I        176      1004
I        114      1005
I        213      1006
I        410      1007
I        174      1008
I         93      1009
I       1016      1010
I          5      1011
I       1608      1012
I       1970      1013
I        654      1014
I        827      1015
I        644      1016
I       1310      1017
I        529      1018
I        561      1019
I       1459      1020
I        634      1021
I       1402      1022
I       1678      1023
I       1917      1024
I       1149      1025
I        295      1026
I        599      1027
I         74      1028
I       1195      1029
I       1295      1030
I        595      1031
I       1337      1032
I       1525      1033
I       1521      1034
I        923      1035
I       1602      1036
I        729      1037
I        336      1038
I        752      1039
I       1172      1040
I        223      1041
I       1580      1042
I       1825      1043
I       1233      1044
I        140      1045
I        398      1046
I        428      1047
I        860      1048
I        915      1049
I       1407      1050
I        510      1051
I        724      1052
I         66      1053
I        711      1054
I       1559      1055
I        620      1056
I       1567      1057
I       1469      1058
I        160      1059
I       1677      1060
I       1569      1061
I       1999      1062
I       2032      1063
I        325      1064
I       1328      1065
I       1676      1066
I        411      1067
I        988      1068
I        698      1069
I       1897      1070
I       1229      1071
I        752      1072
I        125      1073
I       1402      1074
I        703      1075
I       1518      1076
I        796      1077
I        798      1078
I         87      1079
I       1938      1080
I        400      1081
I        549      1082
I        354      1083
I        350      1084
I        277      1085
I        423      1086
I        385      1087
I        507      1088
I       1831      1089
I       1137      1090
I       1055      1091
I        958      1092
I        516      1093
I        396      1094
I       1036      1095
I        199      1096
I        347      1097
I        894      1098
I       1081      1099
I        767      1100
I       1142      1101
I       1599      1102
I        789      1103
I        911      1104
I        553      1105
I       1202      1106
I        875      1107
I       1283      1108
I       1614      1109
I        809      1110
I       1294      1111
I        634      1112
I       1695      1113
I       1558      1114
I        871      1115
I       1159      1116
I        733      1117
I        322      1118
I        964      1119
I        391      1120
I       1832      1121
I       1447      1122
I       1874      1123
I       1533      1124
I        786      1125
I       1697      1126
I       1800      1127
I        271      1128
I        116      1129
I       1516      1130
I       1968      1131
I       1374      1132
I         97      1133
I       1436      1134
I        369      1135
I        113      1136
I        492      1137
I       1476      1138
I        829      1139
I       1143      1140
I       1270      1141
I        527      1142
I        949      1143
I       1016      1144
I       1911      1145
I        808      1146
I       1700      1147
I        242      1148
I        934      1149
I        568      1150
I         62      1151
I        669      1152
I        675      1153
I       1142      1154
I       1970      1155
I        373      1156
I        548      1157
I        358      1158
I       1429      1159
I        576      1160
I       1566      1161
I        166      1162
I       1338      1163
I       1145      1164
I       1738      1165
I       1879      1166
I          7      1167
I       1107      1168
I        340      1169
I       1134      1170
I       1229      1171
I       1603      1172
I        425      1173
I         23      1174
I       1452      1175
I       1365      1176
I       1072      1177
I       1329      1178
I       1607      1179
I        542      1180
I       1775      1181
I       1940      1182
I        186      1183
I       1139      1184
I       1156      1185
I       1623      1186
I       1747      1187
I        328      1188
I        989      1189
I        626      1190
I        981      1191
I        623      1192
I       1566      1193
I         23      1194
I       1119      1195
I       1967      1196
I        917      1197
I       1142      1198
I        285      1199
I        723      1200
I       1287      1201
I        918      1202
I       1503      1203
I       1618      1204
I        707      1205
I       1436      1206
I        341      1207
I       1919      1208
I       1836      1209
I        847      1210
I       1977      1211
I        483      1212
I       1057      1213
I       1471      1214
I         66      1215
I       1744      1216
I        774      1217
I       1428      1218
I          2      1219
I       1926      1220
I       1186      1221
I        594      1222
I        720      1223
I        402      1224
I       1155      1225
I        542      1226
I        360      1227
I        602      1228
I        681      1229
I        811      1230
I       1834      1231
I       1356      1232
I        277      1233
I         81      1234
I        625      1235
I        766      1236
I        229      1237
I       1793      1238
I        632      1239
I       1879      1240
I       1674      1241
I       1156      1242
I        915      1243
I        953      1244
I       1427      1245
I        727      1246
I       1828      1247
I       1505      1248
I         56      1249
I       2048      1250
I        651      1251
I        324      1252
I         82      1253
I       1054      1254
I       1777      1255
I        612      1256
I        510      1257
I          1      1258
I       1397      1259
I       1265      1260
I       1878      1261
I       1275      1262
I       1134      1263
I        391      1264
I       1884      1265
I       1983      1266
I       1766      1267
I       1114      1268
I        811      1269
I        305      1270
I        890      1271
I        232      1272
I        235      1273
I       1629      1274
I        475      1275
I       1179      1276
I        455      1277
I        310      1278
I       1794      1279
I        638      1280
I       1755      1281
I       1863      1282
I       1001      1283
I         85      1284
I       1714      1285
I        809      1286
I        981      1287
I       1956      1288
I       1780      1289
I        319      1290
I       1594      1291
I        762      1292
I        258      1293
I       1944      1294
I        121      1295
I        470      1296
I        365      1297
I       1075      1298
I        879      1299
I       1247      1300
I       1812      1301
I        567      1302
I         31      1303
I       1780      1304
I       1469      1305
I       1323      1306
I        337      1307
I       1430      1308
I       1172      1309
I       1208      1310
I        584      1311
I       1724      1312
I       1205      1313
I       1165      1314
I        964      1315
I       1774      1316
I       2017      1317
I        426      1318
I       1353      1319
I        383      1320
I        696      1321
I        466      1322
I        156      1323
I        558      1324
I       1880      1325
I        226      1326
I       1668      1327
I        980      1328
I       1873      1329
I        919      1330
I          8      1331
I       1759      1332
I       1894      1333
I        525      1334
I       2011      1335
I        105      1336
I       1333      1337
I        100      1338
I        587      1339
I       1224      1340
I       1867      1341
I        880      1342
I         56      1343
I        533      1344
I        258      1345
I       1859      1346
I       1712      1347
I        931      1348
I        290      1349
I       1213      1350
I       1685      1351
I        908      1352
I       1846      1353
I        872      1354
I       1193      1355
I        573      1356
I       1143      1357
I        631      1358
I       1219      1359
I        354      1360
I       1320      1361
I         95      1362
I        127      1363
I       1729      1364
I       1919      1365
I       1817      1366
I       1441      1367
I        201      1368
I        721      1369
I       1949      1370
I       1371      1371
I       1173      1372
I       1432      1373
I       1038      1374
I       1205      1375
I       1315      1376
I        943      1377
I        481      1378
I       1350      1379
I        739      1380
I       1067      1381
I       1756      1382
I       1137      1383
I       1161      1384
I        247      1385
I       1671      1386
I       1232      1387
I        193      1388
I         52      1389
I         43      1390
I       1786      1391
I        596      1392
I        205      1393
I        909      1394
I        319      1395
I        882      1396
I       1749      1397
I       1605      1398
I       1875      1399
I        384      1400
I        374      1401
I       1292      1402
I         84      1403
I         27      1404
I       1873      1405
I       1945      1406
I        465      1407
I        180      1408
I       1666      1409
I       1900      1410
I       1184      1411
I       2023      1412
I       1488      1413
I        655      1414
I       1666      1415
I        797      1416
I       1157      1417
I       1405      1418
I        976      1419
I        446      1420
I       1929      1421
I       1039      1422
I       1041      1423
I       1067      1424
I       1118      1425
I         85      1426
I       1156      1427
I        362      1428
I       1556      1429
I        832      1430
I         81      1431
I        395      1432
I       1280      1433
I        372      1434
I        354      1435
I       1698      1436
I       1352      1437
I        631      1438
I       1702      1439
I       1697      1440
I       1484      1441
I       1819      1442
I        612      1443
I       1015      1444
I        293      1445
I        971      1446
I        126      1447
I        722      1448
I        479      1449
I       2011      1450
I       1088      1451
I       1834      1452
I       1988      1453
I       1240      1454
I       1108      1455
I        560      1456
I       1736      1457
I        708      1458
I       1216      1459
I        298      1460
I       1861      1461
I       1383      1462
I        388      1463
I       1835      1464
I       1822      1465
I       2036      1466
I        598      1467
I       1934      1468
I        265      1469
I       1194      1470
I        510      1471
I        255      1472
I        903      1473
I       1211      1474
I        958      1475
I         35      1476
I        958      1477
I       1303      1478
I        236      1479
I        527      1480
I       1496      1481
I       1857      1482
I        897      1483
I        201      1484
I       1175      1485
I        596      1486
I       1342      1487
I       1896      1488
I       1344      1489
I       1728      1490
I       1986      1491
I       1730      1492
I       1893      1493
I       1595      1494
I        282      1495
I        789      1496
I        259      1497
I       1671      1498
I       1139      1499
I       1059      1500
I        210      1501
I        608      1502
I       1291      1503
I        358      1504
I        983      1505
I       1828      1506
I       1901      1507
I       1175      1508
I       1590      1509
I       1831      1510
I        860      1511
I        911      1512
I        740      1513
I       1284      1514
I        617      1515
I        239      1516
I       1662      1517
I       1288      1518
I       1430      1519
I       1836      1520
I       1391      1521
I        115      1522
I        811      1523
I       1394      1524
I        586      1525
I       1666      1526
I         72      1527
I        728      1528
I       1612      1529
I        590      1530
I        466      1531
I        377      1532
I        866      1533
I        985      1534
I       1224      1535
I        610      1536
I       1050      1537
I       1510      1538
I        455      1539
I       1355      1540
I        722      1541
I       1740      1542
I       1465      1543
I       1007      1544
I        231      1545
I       1197      1546
I       1716      1547
I        934      1548
I       1048      1549
I       1435      1550
I       1550      1551
I         38      1552
I        778      1553
I         86      1554
I       1686      1555
I       1210      1556
I       1935      1557
I       1543      1558
I       2012      1559
I       1545      1560
I       1197      1561
I        718      1562
I        216      1563
I        249      1564
I       1157      1565
I       1040      1566
I        799      1567
I       1825      1568
I       2043      1569
I        109      1570
I        573      1571
I        128      1572
I        854      1573
I        560      1574
I       1491      1575
I        899      1576
I        154      1577
I        519      1578
I       1527      1579
I        150      1580
I        717      1581
I       1008      1582
I       2019      1583
I        635      1584
I        374      1585
I        162      1586
I         79      1587
I       1783      1588
I        601      1589
I       1545      1590
I       1853      1591
I        629      1592
I       2037      1593
I       1517      1594
I       1624      1595
I        116      1596
I       1225      1597
I       1845      1598
I       1484      1599
I        400      1600
I       1487      1601
I       2018      1602
I        540      1603
I         91      1604
I       1263      1605
I        364      1606
I        282      1607
I       1744      1608
I        320      1609
I         22      1610
I        695      1611
I       1545      1612
I       1811      1613
I        459      1614
I        853      1615
I        641      1616
I        272      1617
I       1940      1618
I        668      1619
I        607      1620
I        588      1621
I         96      1622
I       1130      1623
I       1581      1624
I       1134      1625
I        947      1626
I       1800      1627
I         74      1628
I        402      1629
I        843      1630
I       1824      1631
I        516      1632
I        575      1633
I        454      1634
I       1818      1635
I        134      1636
I       1867      1637
I       1455      1638
I        447      1639
I        606      1640
I         67      1641
I        253      1642
I        708      1643
I       2005      1644
I       1201      1645
I       1877      1646
I       1088      1647
I        937      1648
I       1037      1649
I        767      1650
I        246      1651
I        358      1652
I         37      1653
I        707      1654
I        899      1655
I       1226      1656
I        389      1657
I       1894      1658
I         22      1659
I       1723      1660
I       1688      1661
I        760      1662
I        228      1663
I        693      1664
I       1532      1665
I       1790      1666
I        649      1667
I       1915      1668
I        872      1669
I        168      1670
I        820      1671
I        805      1672
I        716      1673
I       1315      1674
I       1516      1675
I        996      1676
I        937      1677
I        396      1678
I       1505      1679
I       1512      1680
I        423      1681
I       1542      1682
I        654      1683
I       1691      1684
I        712      1685
I       1234      1686
I         98      1687
I        165      1688
I       1427      1689
I        457      1690
I       2032      1691
I        199      1692
I       1406      1693
I       1222      1694
I        774      1695
I       1783      1696
I       1126      1697
I       1038      1698
I        162      1699
I        830      1700
I       1604      1701
I        680      1702
I       1606      1703
I       1913      1704
I       1524      1705
I        988      1706
I       1544      1707
I        342      1708
I       1173      1709
I        769      1710
I        809      1711
I        834      1712
I        351      1713
I        588      1714
I       1817      1715
I        880      1716
I        400      1717
I       1363      1718
I       1762      1719
I       1938      1720
I       1970      1721
I       1115      1722
I        460      1723
I        135      1724
I        597      1725
I       1295      1726
I       1692      1727
I       1295      1728
I       2039      1729
I       1978      1730
I        865      1731
I        200      1732
I        308      1733
I        113      1734
I        197      1735
I       1087      1736
I        924      1737
I        446      1738
I        444      1739
I        932      1740
I        731      1741
I       1720      1742
I       1406      1743
I        200      1744
I       2048      1745
I       1392      1746
I        468      1747
I          4      1748
I        947      1749
I       1309      1750
I        955      1751
I       1689      1752
I       1628      1753
I       1888      1754
I        201      1755
I        222      1756
I       1046      1757
I        121      1758
I        361      1759
I       1627      1760
I       1770      1761
I       1991      1762
I        596      1763
I        560      1764
I       1351      1765
I       2043      1766
I       1493      1767
I       2000      1768
I       1240      1769
I        174      1770
I       1943      1771
I        401      1772
I        256      1773
I        949      1774
I       1077      1775
I       2014      1776
I       1188      1777
I        929      1778
I       1627      1779
I        962      1780
I       2042      1781
I       1060      1782
I       1225      1783
I        326      1784
I        634      1785
I       1596      1786
I       1219      1787
I        831      1788
I        195      1789
I       1214      1790
I       1252      1791
I       1405      1792
I       2002      1793
I       1977      1794
I       1590      1795
I        880      1796
I       1679      1797
I        487      1798
I       1672      1799
I       1460      1800
I         30      1801
I       1577      1802
I       1868      1803
I       1819      1804
I        672      1805
I        664      1806
I         62      1807
I       1962      1808
I        351      1809
I       1165      1810
I        348      1811
I        862      1812
I       1889      1813
I       1130      1814
I        502      1815
I        182      1816
I       1768      1817
I        537      1818
I       1242      1819
I        599      1820
I       1752      1821
I       1891      1822
I         76      1823
I       1971      1824
I        967      1825
I        451      1826
I       2029      1827
I        585      1828
I       1080      1829
I        417      1830
I       1162      1831
I       1816      1832
I        955      1833
I        202      1834
I       1763      1835
I       1964      1836
I        601      1837
I       1747      1838
I        977      1839
I       1382      1840
I       1988      1841
I        271      1842
I       1596      1843
I       1097      1844
I       1024      1845
I        546      1846
I        594      1847
I        973      1848
I        623      1849
I        183      1850
I        238      1851
I       1496      1852
I        927      1853
I         82      1854
I        435      1855
I       2048      1856
I        774      1857
I        994      1858
I        711      1859
I        782      1860
I       1515      1861
I        569      1862
I         44      1863
I       1801      1864
I       1052      1865
I       1648      1866
I       1024      1867
I        676      1868
I        590      1869
I       1302      1870
I       1710      1871
I        790      1872
I       1230      1873
I       1594      1874
I       1884      1875
I        210      1876
I        546      1877
I       1928      1878
I        102      1879
I       1509      1880
I        268      1881
I        938      1882
I        897      1883
I        652      1884
I       1916      1885
I       1135      1886
I        462      1887
I       1894      1888
I       1970      1889
I       1918      1890
I        349      1891
I         44      1892
I        572      1893
I          1      1894
I       1991      1895
I        440      1896
I       1141      1897
I        399      1898
I       1101      1899
I       1065      1900
I        758      1901
I       1415      1902
I       1465      1903
I         86      1904
I       1294      1905
I         10      1906
I        280      1907
I       2037      1908
I         94      1909
I       1286      1910
I       1019      1911
I       1026      1912
I       1721      1913
I       1697      1914
I        941      1915
I       1973      1916
I       1181      1917
I       1331      1918
I        557      1919
I       1073      1920
I       1017      1921
I       1694      1922
I       1218      1923
I       1043      1924
I       1067      1925
I       1711      1926
I       1468      1927
I        346      1928
I       1709      1929
I       1770      1930
I        350      1931
I        739      1932
I        658      1933
I       1534      1934
I       1040      1935
I        657      1936
I        324      1937
I       1399      1938
I       2028      1939
I        703      1940
I        237      1941
I       1018      1942
I        536      1943
I       1885      1944
I       1690      1945
I       2013      1946
I        808      1947
I       1069      1948
I        163      1949
I        930      1950
I       1111      1951
I       1119      1952
I        575      1953
I       1538      1954
I       2026      1955
I        126      1956
I        500      1957
I        943      1958
I        498      1959
I       1438      1960
I       1256      1961
I       1133      1962
I       1294      1963
I        782      1964
I        222      1965
I        781      1966
I       1533      1967
I        858      1968
I       1939      1969
I        399      1970
I        432      1971
I       1946      1972
I        362      1973
I        325      1974
I        342      1975
I       1326      1976
I        922      1977
I        195      1978
I        576      1979
I       1795      1980
I        930      1981
I        330      1982
I        984      1983
I        105      1984
I        991      1985
I        947      1986
I       1115      1987
I        553      1988
I       1393      1989
I        276      1990
I        669      1991
I        130      1992
I       1923      1993
I        666      1994
I       1961      1995
I       1255      1996
I       1538      1997
I       1401      1998
I        221      1999
I        609      2000
I        884      2001
I       1832      2002
I        683      2003
I       1198      2004
I        417      2005
I       1411      2006
I        710      2007
I        782      2008
I        334      2009
I       1520      2010
I       1158      2011
I       1357      2012
I       1294      2013
I        443      2014
I       1076      2015
I       1929      2016
I        768      2017
I       2044      2018
I       1760      2019
I       1241      2020
I       1790      2021
I       1527      2022
I        737      2023
I       1101      2024
I        727      2025
I       1977      2026
I       1703      2027
I        368      2028
I        968      2029
I       1114      2030
I       1902      2031
I       1959      2032
I        633      2033
I        262      2034
I       2031      2035
I       1790      2036
I       1914      2037
I        816      2038
I        369      2039
I        195      2040
I        655      2041
I       1969      2042
I       1542      2043
I       1270      2044
I        661      2045
I       1502      2046
I        750      2047
E
E
E
E
E
E
E
E
E
E
E
E
E
E
E
E
E
E
E
E
E
E
E
E
E
E
E
E
E
E
E
E
E
E
E
E
E
E
E
E
E
E
E
E
E
E
E
E
E
E
E
E
E
E
E
E
E
E
E
E
E
E
E
E
E
E
E
E
E
E
E
E
E
E
E
E
E
E
E
E
E
E
E
E
E
E
E
E
E
E
E
E
E
E
E
E
E
E
E
E
E
E
E
E
E
E
E
E
E
E
E
E
E
E
E
E
E
E
E
E
E
E
E
E
E
E
E
E
E
E
E
E
E
E
E
E
E
E
E
E
E
E
E
E
E
E
E
E
E
E
E
E
E
E
E
E
E
E
E
E
E
E
E
E
E
E
E
E
E
E
E
E
E
E
E
E
E
E
E
E
E
E
E
E
E
E
E
E
E
E
E
E
E
E
E
E
E
E
E
E
E
E
E
E
E
E
E
E
E
E
E
E
E
E
E
E
E
E
E
E
E
E
E
E
E
E
E
E
E
E
E
E
E
E
E
E
E
E
E
E
E
E
E
E
E
E
E
E
E
E
E
E
E
E
E
E
E
E
E
E
E
E
E
E
E
E
E
E
E
E
E
E
E
E
E
E
E
E
E
E
E
E
E
E
E
E
E
E
E
E
E
E
E
E
E
E
E
E
E
E
E
E
E
E
E
E
E
E
E
E
E
E
E
E
E
E
E
E
E
E
E
E
E
E
E
E
E
E
E
E
E
E
E
E
E
E
E
E
E
E
E
E
E
E
E
E
E
E
E
E
E
E
E
E
E
E
E
E
E
E
E
E
E
E
E
E
E
E
E
E
E
E
E
E
E
E
E
E
E
E
E
E
E
E
E
E
E
E
E
E
E
E
E
E
E
E
E
E
E
E
E
E
E
E
E
E
E
E
E
E
E
E
E
E
E
E
E
E
E
E
E
E
E
E
E
E
E
E
E
E
E
E
E
E
E
E
E
E
E
E
E
E
E
E
E
E
E
E
E
E
E
E
E
E
E
E
E
E
E
E
E
E
E
E
E
E
E
E
E
E
E
E
E
E
E
E
E
E
E
E
E
E
E
E
E
E
E
E
E
E
E
E
E
E
E
E
E
E
E
E
E
E
E
E
E
E
E
E
E
E
E
E
E
E
E
E
E
E
E
E
E
E
E
E
E
E
E
E
E
E
E
E
E
E
E
E
E
E
E
E
E
E
E
E
E
E
E
E
E
E
E
E
E
E
E
E
E
E
E
E
E
E
E
E
E
E
E
E
E
E
E
E
E
E
E
E
E
E
E
E
E
E
E
E
E
E
E
E
E
E
E
E
E
E
E
E
E
E
E
E
E
E
E
E
E
E
E
E
E
E
E
E
E
E
E
E
E
E
E
E
E
E
E
E
E
E
E
E
E
E
E
E
E
E
E
E
E
E
E
E
E
E
E
E
E
E
E
E
E
E
E
E
E
E
E
E
E
E
E
E
E
E
E
E
E
E
E
E
E
E
E
E
E
E
E
E
E
E
E
E
E
E
E
E
E
E
E
E
E
E
E
E
E
E
E
E
E
E
E
E
E
E
E
E
E
E
E
E
E
E
E
E
E
E
E
E
E
E
E
E
E
E
E
E
E
E
E
E
E
E
E
E
E
E
E
E
E
E
E
E
E
E
E
E
E
E
E
E
E
E
E
E
E
E
E
E
E
E
E
E
E
E
E
E
E
E
E
E
E
E
E
E
E
E
E
E
E
E
E
E
E
E
E
E
E
E
E
E
E
E
E
E
E
E
E
E
E
E
E
E
E
E
E
E
E
E
E
E
E
E
E
E
E
E
E
E
E
E
E
E
E
E
E
E
E
E
E
E
E
E
E
E
E
E
E
E
E
E
E
E
E
E
E
E
E
E
E
E
E
E
E
E
E
E
E
E
E
E
E
E
E
E
E
E
E
E
E
E
E
E
E
E
E
E
E
E
E
E
E
E
E
E
E
E
E
E
E
E
E
E
E
E
E
E
E
E
E
E
E
E
E
E
E
E
E
E
E
E
E
E
E
E
E
E
E
E
E
E
E
E
E
E
E
E
E
E
E
E
E
E
E
E
E
E
E
E
E
E
E
E
E
E
E
E
E
E
E
E
E
E
E
E
E
E
E
E
E
E
E
E
E
E
E
E
E
E
E
E
E
E
E
E
E
E
E
E
E
E
E
E
E
E
E
E
E
E
E
E
E
E
E
E
E
E
E
E
E
E
E
E
E
E
E
E
E
E
E
E
E
E
E
E
E
E
E
E
E
E
E
E
E
E
E
E
E
E
E
E
E
E
E
E
E
E
E
E
E
E
E
E
E
E
E
E
E
E
E
E
E
E
E
E
E
E
E
E
E
E
E
E
E
E
E
E
E
E
E
E
E
E
E
E
E
E
E
E
E
E
E
E
E
E
E
E
E
E
E
E
E
E
E
E
E
E
E
E
E
E
E
E
E
E
E
E
E
E
E
E
E
E
E
E
E
E
E
E
E
E
E
E
E
E
E
E
E
E
E
E
E
E
E
E
E
E
E
E
E
E
E
E
E
E
E
E
E
E
E
E
E
E
E
E
E
E
E
E
E
E
E
E
E
E
E
E
E
E
E
E
E
E
E
E
E
E
E
E
E
E
E
E
E
E
E
E
E
E
E
E
E
E
E
E
E
E
E
E
E
E
E
E
E
E
E
E
E
E
E
E
E
E
E
E
E
E
E
E
E
E
E
E
E
E
E
E
E
E
E
E
E
E
E
E
E
E
E
E
E
E
E
E
E
E
E
E
E
E
E
E
E
E
E
E
E
E
E
E
E
E
E
E
E
E
E
E
E
E
E
E
E
E
E
E
E
E
E
E
E
E
E
E
E
E
E
E
E
E
E
E
E
E
E
E
E
E
E
E
E
E
E
E
E
E
E
E
E
E
E
E
E
E
E
E
E
E
E
E
E
E
E
E
E
E
E
E
E
E
E
E
E
E
E
E
E
E
E
E
E
E
E
E
E
E
E
E
E
E
E
E
E
E
E
E
E
E
E
E
E
E
E
E
E
E
E
E
E
E
E
E
E
E
E
E
E
E
E
E
E
E
E
E
E
E
E
E
E
E
E
E
E
E
E
E
E
E
E
E
E
E
E
E
E
E
E
E
E
E
E
E
E
E
E
E
E
E
E
E
E
E
E
E
E
E
E
E
E
E
E
E
E
E
E
E
E
E
E
E
E
E
E
E
E
E
E
E
E
E
E
E
E
E
E
E
E
E
E
E
E
E
E
E
E
E
E
E
E
E
E
E
E
E
E
E
E
E
E
E
E
E
E
E
E
E
E
E
E
E
E
E
E
E
E
E
E
E
E
E
E
E
E
E
E
E
E
E
E
E
E
E
E
E
E
E
E
E
E
E
E
E
E
E
E
E
E
E
E
E
E
E
E
E
E
E
E
E
E
E
E
E
E
E
E
E
E
E
E
E
E
E
E
E
E
E
E
E
E
E
E
E
E
E
E
E
E
E
E
E
E
E
E
E
E
E
E
E
E
E
E
E
E
E
E
E
E
E
E
E
E
E
E
E
E
E
E
E
E
E
E
E
E
E
E
E
E
E
E
E
E
E
E
E
E
E
E
E
E
E
E
E
E
E
E
E
E
E
E
E
E
E
E
E
E
E
E
E
E
E
E
E
E
E
E
E
E
E
E
E
E
E
E
E
E
E
E
E
E
E
E
E
E
E
E
E
E
E
E
E
E
E
E
E
E
E
E
E
E
E
E
E
E
E
E
E
E
E
E
E
E
E
E
E
E
E
E
E
E
E
E
E
E
E
E
E
E
E
E
E
E
E
E
E
E
E
E
E
E
E
E
E
E
E
E
E
E
E
E
E
E
E
E
E
E
E
E
E
E
E
E
E
E
E
E
E
E
E
E
E
E
E
E
E
E
E
E
E
E
E
E
E
E
E
E
E
E
E
E
E
E
E
E
E
E
E
E
E
E
E
E
E
E
E
E
E
E
E
E
E
E
E
E
E
E
E
E
E
E
E
E
E
E
E
E
E
E
E
E
E
E
E
E
E
E
E
E
E
E
E
E
E
E
E
E
E
E
E
E
E
E
E
E
E
E
E
E
E
E
E
E
E
E
E
E
E
E
E
E
E
E
E
E
E
E
E
E
E
E
E
E
E
E
E
E
E
E
E
E
E
E
E
E
E
E
E
E
E
E
E
E
E
E
E
E
E
E
E
E
E
E
E
E
E
E
E
E
E
E
E
E
E
E
E
E
E
E
E
E
E
E
E
E
E
E
E
E
E
E
E
E
E
E
E
E
E
E
E
E
E
E
E
E
E
E
E
E
E
E
E
E
E
E
E
E
E
E
E
E
E
E
E
E
E
E
E
E
E
E
E
E
E
E
E
E
E
E
E
E
E
E
E
E
E
E
E
E
E
E
E
E
E
E
E
E
E
E
E
E
E
E
E
E
E
E
E
E
E
E
E
E
E
E
E
E
E
E
E
E
E
E
E
E
E
E
E
E
E
E
E
E
E
E
E
E
E
E
E
E
E
E
E
E
E
E
E
E
E
E
E
E
E
E
E
E
E
E
E
E
E
E
E
